<?xml version="1.0" encoding="UTF-8"?>
<!-- Generated by org.testng.reporters.JUnitXMLReporter -->
<testsuite hostname="DESKTOP-TCEP82C" ignored="0" name="Test 1" tests="1" failures="1" timestamp="21 Jul 2021 01:30:38 GMT" time="0.021" errors="0">
  <testcase name="tc10" time="0.016" classname="org.tesng.SampleTestNg4">
    <failure type="java.lang.IllegalStateException" message="The driver executable does not exist: D:\12.30PmFrameworkJuneBatch\Driver\geckodriver.exe">
      <![CDATA[java.lang.IllegalStateException: The driver executable does not exist: D:\12.30PmFrameworkJuneBatch\Driver\geckodriver.exe
at com.google.common.base.Preconditions.checkState(Preconditions.java:585)
at org.openqa.selenium.remote.service.DriverService.checkExecutable(DriverService.java:146)
at org.openqa.selenium.remote.service.DriverService.findExecutable(DriverService.java:141)
at org.openqa.selenium.firefox.GeckoDriverService.access$100(GeckoDriverService.java:44)
at org.openqa.selenium.firefox.GeckoDriverService$Builder.findDefaultExecutable(GeckoDriverService.java:167)
at org.openqa.selenium.remote.service.DriverService$Builder.build(DriverService.java:355)
at org.openqa.selenium.firefox.FirefoxDriver.toExecutor(FirefoxDriver.java:190)
at org.openqa.selenium.firefox.FirefoxDriver.<init>(FirefoxDriver.java:147)
at org.openqa.selenium.firefox.FirefoxDriver.<init>(FirefoxDriver.java:125)
at org.tesng.SampleTestNg4.tc10(SampleTestNg4.java:25)
... Removed 25 stack frames]]>
    </failure>
  </testcase> <!-- tc10 -->
</testsuite> <!-- Test 1 -->
