<?xml version="1.0" encoding="UTF-8"?>
<!-- Generated by org.testng.reporters.JUnitXMLReporter -->
<testsuite hostname="DESKTOP-TCEP82C" ignored="0" name="Test 2" tests="1" failures="1" timestamp="21 Jul 2021 01:30:38 GMT" time="0.021" errors="0">
  <testcase name="tc10" time="0.019" classname="org.tesng.SampleTestNg4">
    <failure type="java.lang.IllegalStateException" message="The driver executable does not exist: D:\12.30PmFrameworkJuneBatch\Driver\ie..exe">
      <![CDATA[java.lang.IllegalStateException: The driver executable does not exist: D:\12.30PmFrameworkJuneBatch\Driver\ie..exe
at com.google.common.base.Preconditions.checkState(Preconditions.java:585)
at org.openqa.selenium.remote.service.DriverService.checkExecutable(DriverService.java:146)
at org.openqa.selenium.remote.service.DriverService.findExecutable(DriverService.java:141)
at org.openqa.selenium.ie.InternetExplorerDriverService.access$000(InternetExplorerDriverService.java:35)
at org.openqa.selenium.ie.InternetExplorerDriverService$Builder.findDefaultExecutable(InternetExplorerDriverService.java:175)
at org.openqa.selenium.remote.service.DriverService$Builder.build(DriverService.java:355)
at org.openqa.selenium.ie.InternetExplorerDriver.setupService(InternetExplorerDriver.java:281)
at org.openqa.selenium.ie.InternetExplorerDriver.<init>(InternetExplorerDriver.java:211)
at org.openqa.selenium.ie.InternetExplorerDriver.<init>(InternetExplorerDriver.java:150)
at org.tesng.SampleTestNg4.tc10(SampleTestNg4.java:29)
... Removed 25 stack frames]]>
    </failure>
  </testcase> <!-- tc10 -->
</testsuite> <!-- Test 2 -->
