<?xml version="1.0" encoding="UTF-8"?>
<!-- Generated by org.testng.reporters.JUnitXMLReporter -->
<testsuite hostname="DESKTOP-TCEP82C" ignored="2" name="Test" tests="3" failures="0" timestamp="30 Aug 2021 09:09:57 GMT" time="0.032" errors="0">
  <testcase name="tc1" time="0.008" classname="org.sample.test.SampleTest1"/>
  <testcase name="tc3" time="0.001" classname="org.sample.test.SampleTest1"/>
  <testcase name="tc4" time="0.001" classname="org.sample.test.SampleTest1"/>
  <testcase name="tc0" time="0.0" classname="org.sample.test.SampleTest1">
    <ignored/>
  </testcase> <!-- tc0 -->
  <testcase name="tc2" time="0.0" classname="org.sample.test.SampleTest1">
    <ignored/>
  </testcase> <!-- tc2 -->
</testsuite> <!-- Test -->
